have_library: checking for tgetnum() in -lncurses... -------------------- no

"gcc -o conftest -I/home/xcbinw/.rvm/rubies/ruby-2.0.0-p643/include/ruby-2.0.0/x86_64-linux -I/home/xcbinw/.rvm/rubies/ruby-2.0.0-p643/include/ruby-2.0.0/ruby/backward -I/home/xcbinw/.rvm/rubies/ruby-2.0.0-p643/include/ruby-2.0.0 -I/home/xcbinw/.rvm/src/ruby-2.0.0-p643/ext/readline     -O3 -fno-fast-math -ggdb3 -Wall -Wextra -Wno-unused-parameter -Wno-parentheses -Wno-long-long -Wno-missing-field-initializers -Wunused-variable -Wpointer-arith -Wwrite-strings -Wdeclaration-after-statement -Wimplicit-function-declaration  -fPIC conftest.c  -L. -L/home/xcbinw/.rvm/rubies/ruby-2.0.0-p643/lib -Wl,-R/home/xcbinw/.rvm/rubies/ruby-2.0.0-p643/lib -L. -fstack-protector -rdynamic -Wl,-export-dynamic     -Wl,-R -Wl,/home/xcbinw/.rvm/rubies/ruby-2.0.0-p643/lib -L/home/xcbinw/.rvm/rubies/ruby-2.0.0-p643/lib -lruby  -lpthread -lrt -ldl -lcrypt -lm   -lc"
checked program was:
/* begin */
1: #include "ruby.h"
2: 
3: int main(int argc, char **argv)
4: {
5:   return 0;
6: }
/* end */

"gcc -o conftest -I/home/xcbinw/.rvm/rubies/ruby-2.0.0-p643/include/ruby-2.0.0/x86_64-linux -I/home/xcbinw/.rvm/rubies/ruby-2.0.0-p643/include/ruby-2.0.0/ruby/backward -I/home/xcbinw/.rvm/rubies/ruby-2.0.0-p643/include/ruby-2.0.0 -I/home/xcbinw/.rvm/src/ruby-2.0.0-p643/ext/readline     -O3 -fno-fast-math -ggdb3 -Wall -Wextra -Wno-unused-parameter -Wno-parentheses -Wno-long-long -Wno-missing-field-initializers -Wunused-variable -Wpointer-arith -Wwrite-strings -Wdeclaration-after-statement -Wimplicit-function-declaration  -fPIC conftest.c  -L. -L/home/xcbinw/.rvm/rubies/ruby-2.0.0-p643/lib -Wl,-R/home/xcbinw/.rvm/rubies/ruby-2.0.0-p643/lib -L. -fstack-protector -rdynamic -Wl,-export-dynamic     -Wl,-R -Wl,/home/xcbinw/.rvm/rubies/ruby-2.0.0-p643/lib -L/home/xcbinw/.rvm/rubies/ruby-2.0.0-p643/lib -lruby -lncurses  -lpthread -lrt -ldl -lcrypt -lm   -lc"
conftest.c: In function ‘t’:
conftest.c:5:57: error: ‘tgetnum’ undeclared (first use in this function)
 int t(void) { void ((*volatile p)()); p = (void ((*)()))tgetnum; return 0; }
                                                         ^
conftest.c:5:57: note: each undeclared identifier is reported only once for each function it appears in
conftest.c:5:32: warning: variable ‘p’ set but not used [-Wunused-but-set-variable]
 int t(void) { void ((*volatile p)()); p = (void ((*)()))tgetnum; return 0; }
                                ^
checked program was:
/* begin */
 1: #include "ruby.h"
 2: 
 3: /*top*/
 4: extern int t(void);
 5: int t(void) { void ((*volatile p)()); p = (void ((*)()))tgetnum; return 0; }
 6: int main(int argc, char **argv)
 7: {
 8:   if (argc > 1000000) {
 9:     printf("%p", &t);
10:   }
11: 
12:   return 0;
13: }
/* end */

"gcc -o conftest -I/home/xcbinw/.rvm/rubies/ruby-2.0.0-p643/include/ruby-2.0.0/x86_64-linux -I/home/xcbinw/.rvm/rubies/ruby-2.0.0-p643/include/ruby-2.0.0/ruby/backward -I/home/xcbinw/.rvm/rubies/ruby-2.0.0-p643/include/ruby-2.0.0 -I/home/xcbinw/.rvm/src/ruby-2.0.0-p643/ext/readline     -O3 -fno-fast-math -ggdb3 -Wall -Wextra -Wno-unused-parameter -Wno-parentheses -Wno-long-long -Wno-missing-field-initializers -Wunused-variable -Wpointer-arith -Wwrite-strings -Wdeclaration-after-statement -Wimplicit-function-declaration  -fPIC conftest.c  -L. -L/home/xcbinw/.rvm/rubies/ruby-2.0.0-p643/lib -Wl,-R/home/xcbinw/.rvm/rubies/ruby-2.0.0-p643/lib -L. -fstack-protector -rdynamic -Wl,-export-dynamic     -Wl,-R -Wl,/home/xcbinw/.rvm/rubies/ruby-2.0.0-p643/lib -L/home/xcbinw/.rvm/rubies/ruby-2.0.0-p643/lib -lruby -lncurses  -lpthread -lrt -ldl -lcrypt -lm   -lc"
conftest.c: In function ‘t’:
conftest.c:5:1: warning: implicit declaration of function ‘tgetnum’ [-Wimplicit-function-declaration]
 int t(void) { tgetnum(); return 0; }
 ^
/usr/bin/ld: cannot find -lncurses
collect2: error: ld returned 1 exit status
checked program was:
/* begin */
 1: #include "ruby.h"
 2: 
 3: /*top*/
 4: extern int t(void);
 5: int t(void) { tgetnum(); return 0; }
 6: int main(int argc, char **argv)
 7: {
 8:   if (argc > 1000000) {
 9:     printf("%p", &t);
10:   }
11: 
12:   return 0;
13: }
/* end */

--------------------

have_library: checking for tgetnum() in -ltermcap... -------------------- no

"gcc -o conftest -I/home/xcbinw/.rvm/rubies/ruby-2.0.0-p643/include/ruby-2.0.0/x86_64-linux -I/home/xcbinw/.rvm/rubies/ruby-2.0.0-p643/include/ruby-2.0.0/ruby/backward -I/home/xcbinw/.rvm/rubies/ruby-2.0.0-p643/include/ruby-2.0.0 -I/home/xcbinw/.rvm/src/ruby-2.0.0-p643/ext/readline     -O3 -fno-fast-math -ggdb3 -Wall -Wextra -Wno-unused-parameter -Wno-parentheses -Wno-long-long -Wno-missing-field-initializers -Wunused-variable -Wpointer-arith -Wwrite-strings -Wdeclaration-after-statement -Wimplicit-function-declaration  -fPIC conftest.c  -L. -L/home/xcbinw/.rvm/rubies/ruby-2.0.0-p643/lib -Wl,-R/home/xcbinw/.rvm/rubies/ruby-2.0.0-p643/lib -L. -fstack-protector -rdynamic -Wl,-export-dynamic     -Wl,-R -Wl,/home/xcbinw/.rvm/rubies/ruby-2.0.0-p643/lib -L/home/xcbinw/.rvm/rubies/ruby-2.0.0-p643/lib -lruby -ltermcap  -lpthread -lrt -ldl -lcrypt -lm   -lc"
conftest.c: In function ‘t’:
conftest.c:5:57: error: ‘tgetnum’ undeclared (first use in this function)
 int t(void) { void ((*volatile p)()); p = (void ((*)()))tgetnum; return 0; }
                                                         ^
conftest.c:5:57: note: each undeclared identifier is reported only once for each function it appears in
conftest.c:5:32: warning: variable ‘p’ set but not used [-Wunused-but-set-variable]
 int t(void) { void ((*volatile p)()); p = (void ((*)()))tgetnum; return 0; }
                                ^
checked program was:
/* begin */
 1: #include "ruby.h"
 2: 
 3: /*top*/
 4: extern int t(void);
 5: int t(void) { void ((*volatile p)()); p = (void ((*)()))tgetnum; return 0; }
 6: int main(int argc, char **argv)
 7: {
 8:   if (argc > 1000000) {
 9:     printf("%p", &t);
10:   }
11: 
12:   return 0;
13: }
/* end */

"gcc -o conftest -I/home/xcbinw/.rvm/rubies/ruby-2.0.0-p643/include/ruby-2.0.0/x86_64-linux -I/home/xcbinw/.rvm/rubies/ruby-2.0.0-p643/include/ruby-2.0.0/ruby/backward -I/home/xcbinw/.rvm/rubies/ruby-2.0.0-p643/include/ruby-2.0.0 -I/home/xcbinw/.rvm/src/ruby-2.0.0-p643/ext/readline     -O3 -fno-fast-math -ggdb3 -Wall -Wextra -Wno-unused-parameter -Wno-parentheses -Wno-long-long -Wno-missing-field-initializers -Wunused-variable -Wpointer-arith -Wwrite-strings -Wdeclaration-after-statement -Wimplicit-function-declaration  -fPIC conftest.c  -L. -L/home/xcbinw/.rvm/rubies/ruby-2.0.0-p643/lib -Wl,-R/home/xcbinw/.rvm/rubies/ruby-2.0.0-p643/lib -L. -fstack-protector -rdynamic -Wl,-export-dynamic     -Wl,-R -Wl,/home/xcbinw/.rvm/rubies/ruby-2.0.0-p643/lib -L/home/xcbinw/.rvm/rubies/ruby-2.0.0-p643/lib -lruby -ltermcap  -lpthread -lrt -ldl -lcrypt -lm   -lc"
conftest.c: In function ‘t’:
conftest.c:5:1: warning: implicit declaration of function ‘tgetnum’ [-Wimplicit-function-declaration]
 int t(void) { tgetnum(); return 0; }
 ^
/usr/bin/ld: cannot find -ltermcap
collect2: error: ld returned 1 exit status
checked program was:
/* begin */
 1: #include "ruby.h"
 2: 
 3: /*top*/
 4: extern int t(void);
 5: int t(void) { tgetnum(); return 0; }
 6: int main(int argc, char **argv)
 7: {
 8:   if (argc > 1000000) {
 9:     printf("%p", &t);
10:   }
11: 
12:   return 0;
13: }
/* end */

--------------------

have_library: checking for tgetnum() in -lcurses... -------------------- no

"gcc -o conftest -I/home/xcbinw/.rvm/rubies/ruby-2.0.0-p643/include/ruby-2.0.0/x86_64-linux -I/home/xcbinw/.rvm/rubies/ruby-2.0.0-p643/include/ruby-2.0.0/ruby/backward -I/home/xcbinw/.rvm/rubies/ruby-2.0.0-p643/include/ruby-2.0.0 -I/home/xcbinw/.rvm/src/ruby-2.0.0-p643/ext/readline     -O3 -fno-fast-math -ggdb3 -Wall -Wextra -Wno-unused-parameter -Wno-parentheses -Wno-long-long -Wno-missing-field-initializers -Wunused-variable -Wpointer-arith -Wwrite-strings -Wdeclaration-after-statement -Wimplicit-function-declaration  -fPIC conftest.c  -L. -L/home/xcbinw/.rvm/rubies/ruby-2.0.0-p643/lib -Wl,-R/home/xcbinw/.rvm/rubies/ruby-2.0.0-p643/lib -L. -fstack-protector -rdynamic -Wl,-export-dynamic     -Wl,-R -Wl,/home/xcbinw/.rvm/rubies/ruby-2.0.0-p643/lib -L/home/xcbinw/.rvm/rubies/ruby-2.0.0-p643/lib -lruby -lcurses  -lpthread -lrt -ldl -lcrypt -lm   -lc"
conftest.c: In function ‘t’:
conftest.c:5:57: error: ‘tgetnum’ undeclared (first use in this function)
 int t(void) { void ((*volatile p)()); p = (void ((*)()))tgetnum; return 0; }
                                                         ^
conftest.c:5:57: note: each undeclared identifier is reported only once for each function it appears in
conftest.c:5:32: warning: variable ‘p’ set but not used [-Wunused-but-set-variable]
 int t(void) { void ((*volatile p)()); p = (void ((*)()))tgetnum; return 0; }
                                ^
checked program was:
/* begin */
 1: #include "ruby.h"
 2: 
 3: /*top*/
 4: extern int t(void);
 5: int t(void) { void ((*volatile p)()); p = (void ((*)()))tgetnum; return 0; }
 6: int main(int argc, char **argv)
 7: {
 8:   if (argc > 1000000) {
 9:     printf("%p", &t);
10:   }
11: 
12:   return 0;
13: }
/* end */

"gcc -o conftest -I/home/xcbinw/.rvm/rubies/ruby-2.0.0-p643/include/ruby-2.0.0/x86_64-linux -I/home/xcbinw/.rvm/rubies/ruby-2.0.0-p643/include/ruby-2.0.0/ruby/backward -I/home/xcbinw/.rvm/rubies/ruby-2.0.0-p643/include/ruby-2.0.0 -I/home/xcbinw/.rvm/src/ruby-2.0.0-p643/ext/readline     -O3 -fno-fast-math -ggdb3 -Wall -Wextra -Wno-unused-parameter -Wno-parentheses -Wno-long-long -Wno-missing-field-initializers -Wunused-variable -Wpointer-arith -Wwrite-strings -Wdeclaration-after-statement -Wimplicit-function-declaration  -fPIC conftest.c  -L. -L/home/xcbinw/.rvm/rubies/ruby-2.0.0-p643/lib -Wl,-R/home/xcbinw/.rvm/rubies/ruby-2.0.0-p643/lib -L. -fstack-protector -rdynamic -Wl,-export-dynamic     -Wl,-R -Wl,/home/xcbinw/.rvm/rubies/ruby-2.0.0-p643/lib -L/home/xcbinw/.rvm/rubies/ruby-2.0.0-p643/lib -lruby -lcurses  -lpthread -lrt -ldl -lcrypt -lm   -lc"
conftest.c: In function ‘t’:
conftest.c:5:1: warning: implicit declaration of function ‘tgetnum’ [-Wimplicit-function-declaration]
 int t(void) { tgetnum(); return 0; }
 ^
/usr/bin/ld: cannot find -lcurses
collect2: error: ld returned 1 exit status
checked program was:
/* begin */
 1: #include "ruby.h"
 2: 
 3: /*top*/
 4: extern int t(void);
 5: int t(void) { tgetnum(); return 0; }
 6: int main(int argc, char **argv)
 7: {
 8:   if (argc > 1000000) {
 9:     printf("%p", &t);
10:   }
11: 
12:   return 0;
13: }
/* end */

--------------------

have_header: checking for readline/readline.h... -------------------- no

"gcc -E -I/home/xcbinw/.rvm/rubies/ruby-2.0.0-p643/include/ruby-2.0.0/x86_64-linux -I/home/xcbinw/.rvm/rubies/ruby-2.0.0-p643/include/ruby-2.0.0/ruby/backward -I/home/xcbinw/.rvm/rubies/ruby-2.0.0-p643/include/ruby-2.0.0 -I/home/xcbinw/.rvm/src/ruby-2.0.0-p643/ext/readline     -O3 -fno-fast-math -ggdb3 -Wall -Wextra -Wno-unused-parameter -Wno-parentheses -Wno-long-long -Wno-missing-field-initializers -Wunused-variable -Wpointer-arith -Wwrite-strings -Wdeclaration-after-statement -Wimplicit-function-declaration  -fPIC  conftest.c -o conftest.i"
conftest.c:3:31: fatal error: readline/readline.h: 没有那个文件或目录
 #include <readline/readline.h>
                               ^
compilation terminated.
checked program was:
/* begin */
1: #include "ruby.h"
2: 
3: #include <readline/readline.h>
/* end */

--------------------

have_header: checking for editline/readline.h... -------------------- no

"gcc -E -I/home/xcbinw/.rvm/rubies/ruby-2.0.0-p643/include/ruby-2.0.0/x86_64-linux -I/home/xcbinw/.rvm/rubies/ruby-2.0.0-p643/include/ruby-2.0.0/ruby/backward -I/home/xcbinw/.rvm/rubies/ruby-2.0.0-p643/include/ruby-2.0.0 -I/home/xcbinw/.rvm/src/ruby-2.0.0-p643/ext/readline     -O3 -fno-fast-math -ggdb3 -Wall -Wextra -Wno-unused-parameter -Wno-parentheses -Wno-long-long -Wno-missing-field-initializers -Wunused-variable -Wpointer-arith -Wwrite-strings -Wdeclaration-after-statement -Wimplicit-function-declaration  -fPIC  conftest.c -o conftest.i"
conftest.c:3:31: fatal error: editline/readline.h: 没有那个文件或目录
 #include <editline/readline.h>
                               ^
compilation terminated.
checked program was:
/* begin */
1: #include "ruby.h"
2: 
3: #include <editline/readline.h>
/* end */

--------------------

